{"C:\\Users\\Diara\\Desktop\\Escritorio\\testing\\src\\02-sub\\sub.js": {"path":"C:\\Users\\Diara\\Desktop\\Escritorio\\testing\\src\\02-sub\\sub.js","statementMap":{"0":{"start":{"line":1,"column":12},"end":{"line":6,"column":3}},"1":{"start":{"line":2,"column":4},"end":{"line":4,"column":5}},"2":{"start":{"line":3,"column":6},"end":{"line":3,"column":56}},"3":{"start":{"line":5,"column":4},"end":{"line":5,"column":33}},"4":{"start":{"line":8,"column":2},"end":{"line":8,"column":23}}},"fnMap":{"0":{"name":"(anonymous_0)","decl":{"start":{"line":1,"column":12},"end":{"line":1,"column":13}},"loc":{"start":{"line":1,"column":28},"end":{"line":6,"column":3}},"line":1}},"branchMap":{"0":{"loc":{"start":{"line":2,"column":4},"end":{"line":4,"column":5}},"type":"if","locations":[{"start":{"line":2,"column":4},"end":{"line":4,"column":5}},{"start":{},"end":{}}],"line":2},"1":{"loc":{"start":{"line":2,"column":8},"end":{"line":2,"column":60}},"type":"binary-expr","locations":[{"start":{"line":2,"column":8},"end":{"line":2,"column":32}},{"start":{"line":2,"column":36},"end":{"line":2,"column":60}}],"line":2}},"s":{"0":1,"1":2,"2":1,"3":1,"4":1},"f":{"0":2},"b":{"0":[1,1],"1":[2,1]},"_coverageSchema":"1a1c01bbd47fc00a2c39e90264f33305004495a9","hash":"83a3e71c31baa6d3a93c503a3075cc7eb5a97dcc"}
}
